<?xml version="1.0" encoding="UTF-8"?>
<robot generator="Robot 6.1.1 (Python 3.11.5 on win32)" generated="20230826 16:01:46.186" rpa="false" schemaversion="4">
<suite id="s1" name="Test" source="C:\Users\malik\PycharmProjects\QA_Case_Study\test.robot">
<test id="s1-t1" name="Google Index" line="15">
<kw name="Go to Google">
<kw name="Open Browser" library="SeleniumLibrary">
<arg>https://google.com/</arg>
<arg>chrome</arg>
<doc>Opens a new browser instance to the optional ``url``.</doc>
<msg timestamp="20230826 16:01:46.629" level="INFO">Opening browser 'chrome' to base url 'https://google.com/'.</msg>
<status status="PASS" starttime="20230826 16:01:46.629" endtime="20230826 16:01:53.290"/>
</kw>
<kw name="Maximize Browser Window" library="SeleniumLibrary">
<doc>Maximizes current browser window.</doc>
<status status="PASS" starttime="20230826 16:01:53.290" endtime="20230826 16:01:53.410"/>
</kw>
<status status="PASS" starttime="20230826 16:01:46.628" endtime="20230826 16:01:53.410"/>
</kw>
<kw name="Go to CasePage">
<kw name="Go To" library="SeleniumLibrary">
<arg>https://flights-app.pages.dev/</arg>
<doc>Navigates the current browser window to the provided ``url``.</doc>
<msg timestamp="20230826 16:01:53.412" level="INFO">Opening url 'https://flights-app.pages.dev/'</msg>
<status status="PASS" starttime="20230826 16:01:53.411" endtime="20230826 16:01:54.210"/>
</kw>
<status status="PASS" starttime="20230826 16:01:53.411" endtime="20230826 16:01:54.210"/>
</kw>
<status status="PASS" starttime="20230826 16:01:46.627" endtime="20230826 16:01:54.211"/>
</test>
<doc>Simple example using SeleniumLibrary.</doc>
<status status="PASS" starttime="20230826 16:01:46.189" endtime="20230826 16:01:54.213"/>
</suite>
<statistics>
<total>
<stat pass="1" fail="0" skip="0">All Tests</stat>
</total>
<tag>
</tag>
<suite>
<stat pass="1" fail="0" skip="0" id="s1" name="Test">Test</stat>
</suite>
</statistics>
<errors>
</errors>
</robot>
